app/build/intermediates/manifest_merge_blame_file/debug/manifest-merger-blame-debug-report.txt
1<?xml version="1.0" encoding="utf-8"?>
2<manifest xmlns:android="http://schemas.android.com/apk/res/android"
3    package="com.example.kadamm"
4    android:versionCode="1"
5    android:versionName="1.0" >
6
7    <uses-sdk
8        android:minSdkVersion="29"
8-->src\main\AndroidManifest.xml
9        android:targetSdkVersion="31" />
9-->src\main\AndroidManifest.xml
10
11    <uses-permission android:name="android.permission.INTERNET" />
11-->src\main\AndroidManifest.xml:4:5-67
11-->src\main\AndroidManifest.xml:4:22-64
12    <uses-permission android:name="android.permission.ACCESS_NETWORK_STATE" />
12-->src\main\AndroidManifest.xml:5:5-79
12-->src\main\AndroidManifest.xml:5:22-76
13
14    <application
14-->src\main\AndroidManifest.xml:7:5-32:19
15        android:allowBackup="true"
15-->src\main\AndroidManifest.xml:8:9-35
16        android:appComponentFactory="androidx.core.app.CoreComponentFactory"
16-->[androidx.core:core:1.5.0] AndroidManifest.xml:24:18-86
17        android:debuggable="true"
18        android:extractNativeLibs="false"
19        android:icon="@mipmap/ic_launcher"
19-->src\main\AndroidManifest.xml:9:9-43
20        android:label="@string/app_name"
20-->src\main\AndroidManifest.xml:10:9-41
21        android:roundIcon="@mipmap/ic_launcher_round"
21-->src\main\AndroidManifest.xml:11:9-54
22        android:supportsRtl="true"
22-->src\main\AndroidManifest.xml:12:9-35
23        android:testOnly="true"
24        android:theme="@style/Theme.Kadamm" >
24-->src\main\AndroidManifest.xml:13:9-44
25        <activity
25-->src\main\AndroidManifest.xml:14:9-22:20
26            android:name="com.example.kadamm.MainActivity"
26-->src\main\AndroidManifest.xml:15:13-41
27            android:exported="true" >
27-->src\main\AndroidManifest.xml:16:13-36
28            <intent-filter>
28-->src\main\AndroidManifest.xml:17:13-21:29
29                <action android:name="android.intent.action.MAIN" />
29-->src\main\AndroidManifest.xml:18:17-69
29-->src\main\AndroidManifest.xml:18:25-66
30
31                <category android:name="android.intent.category.LAUNCHER" />
31-->src\main\AndroidManifest.xml:20:17-77
31-->src\main\AndroidManifest.xml:20:27-74
32            </intent-filter>
33        </activity>
34        <activity
34-->src\main\AndroidManifest.xml:23:9-25:20
35            android:name="com.example.kadamm.PopUser"
35-->src\main\AndroidManifest.xml:23:19-42
36            android:theme="@style/AppTheme.CustomTheme" >
36-->src\main\AndroidManifest.xml:24:13-56
37        </activity>
38        <activity android:name="com.example.kadamm.Answ_4" >
38-->src\main\AndroidManifest.xml:26:9-27:20
38-->src\main\AndroidManifest.xml:26:19-41
39        </activity>
40        <activity android:name="com.example.kadamm.Answ_3" >
40-->src\main\AndroidManifest.xml:28:9-29:20
40-->src\main\AndroidManifest.xml:28:19-41
41        </activity>
42        <activity android:name="com.example.kadamm.Answ_2" >
42-->src\main\AndroidManifest.xml:30:9-31:20
42-->src\main\AndroidManifest.xml:30:19-41
43        </activity>
44    </application>
45
46</manifest>